<?xml version="1.0" encoding="UTF-8"?>
<testsuite xmlns:xsi="http://www.w3.org/2001/XMLSchema-instance" xsi:noNamespaceSchemaLocation="https://maven.apache.org/surefire/maven-surefire-plugin/xsd/surefire-test-report.xsd" version="3.0.2" name="com.example.ms_reserva_y_anular_hora.controller.PedirHoraControllerTest" time="13.557" tests="5" errors="0" skipped="0" failures="0" flakes="0">
  <properties>
[...]
</properties>
  <testcase name="debeListarReservas" classname="com.example.ms_reserva_y_anular_hora.controller.PedirHoraControllerTest" time="1.052">
    <system-out><![CDATA[22:43:48.567 [main] INFO org.springframework.test.context.support.AnnotationConfigContextLoaderUtils -- Could not detect default configuration classes for test class [com.example.ms_reserva_y_anular_hora.controller.PedirHoraControllerTest]: PedirHoraControllerTest does not declare any static, non-private, non-final, nested classes annotated with @Configuration.
22:43:48.989 [main] INFO org.springframework.boot.test.context.SpringBootTestContextBootstrapper -- Found @SpringBootConfiguration com.example.ms_reserva_y_anular_hora.MsReservaYAnularHoraApplication for test class com.example.ms_reserva_y_anular_hora.controller.PedirHoraControllerTest

  .   ____          _            __ _ _
 /\\ / ___'_ __ _ _(_)_ __  __ _ \ \ \ \
( ( )\___ | '_ | '_| | '_ \/ _` | \ \ \ \
 \\/  ___)| |_)| | | | | || (_| |  ) ) ) )
  '  |____| .__|_| |_|_| |_\__, | / / / /
 =========|_|==============|___/=/_/_/_/

 :: Spring Boot ::               (v3.5.15)

2026-07-10T22:43:50.221-04:00  INFO 27564 --- [ms-reservar-y-anular-hora] [           main] c.e.m.c.PedirHoraControllerTest          : Starting PedirHoraControllerTest using Java 26.0.1 with PID 27564 (started by Rayen in C:\Users\Rayen\Desktop\Proyecto-de-Desarrollo-Fullstack-Examen-Final\Consulta Medica y Dental\ms-reserva_y_anular_hora\ms-reserva_y_anular_hora)
2026-07-10T22:43:50.224-04:00  INFO 27564 --- [ms-reservar-y-anular-hora] [           main] c.e.m.c.PedirHoraControllerTest          : The following 1 profile is active: "test"
2026-07-10T22:43:57.666-04:00  WARN 27564 --- [ms-reservar-y-anular-hora] [           main] .s.s.UserDetailsServiceAutoConfiguration : 

Using generated security password: baf9a32e-a6bc-4b98-beb8-d54511dbaca0

This generated password is for development use only. Your security configuration must be updated before running your application in production.

2026-07-10T22:43:57.699-04:00  INFO 27564 --- [ms-reservar-y-anular-hora] [           main] r$InitializeUserDetailsManagerConfigurer : Global AuthenticationManager configured with UserDetailsService bean with name inMemoryUserDetailsManager
2026-07-10T22:43:58.589-04:00  INFO 27564 --- [ms-reservar-y-anular-hora] [           main] o.s.b.t.m.w.SpringBootMockServletContext : Initializing Spring TestDispatcherServlet ''
2026-07-10T22:43:58.592-04:00  INFO 27564 --- [ms-reservar-y-anular-hora] [           main] o.s.t.web.servlet.TestDispatcherServlet  : Initializing Servlet ''
2026-07-10T22:43:58.603-04:00  INFO 27564 --- [ms-reservar-y-anular-hora] [           main] o.s.t.web.servlet.TestDispatcherServlet  : Completed initialization in 10 ms
2026-07-10T22:43:59.152-04:00  INFO 27564 --- [ms-reservar-y-anular-hora] [           main] c.e.m.c.PedirHoraControllerTest          : Started PedirHoraControllerTest in 9.766 seconds (process running for 12.424)
]]></system-out>
    <system-err><![CDATA[Mockito is currently self-attaching to enable the inline-mock-maker. This will no longer work in future releases of the JDK. Please add Mockito as an agent to your build as described in Mockito's documentation: https://javadoc.io/doc/org.mockito/mockito-core/latest/org.mockito/org/mockito/Mockito.html#0.3
WARNING: A Java agent has been loaded dynamically (C:\Users\Rayen\.m2\repository\net\bytebuddy\byte-buddy-agent\1.17.8\byte-buddy-agent-1.17.8.jar)
WARNING: If a serviceability tool is in use, please run with -XX:+EnableDynamicAgentLoading to hide this warning
WARNING: If a serviceability tool is not in use, please run with -Djdk.instrument.traceUsage for more information
WARNING: Dynamic loading of agents will be disallowed by default in a future release
]]></system-err>
  </testcase>
  <testcase name="debeCrearReserva" classname="com.example.ms_reserva_y_anular_hora.controller.PedirHoraControllerTest" time="0.629"/>
  <testcase name="debeObtenerReservaPorId" classname="com.example.ms_reserva_y_anular_hora.controller.PedirHoraControllerTest" time="0.712"/>
  <testcase name="debeActualizarReserva" classname="com.example.ms_reserva_y_anular_hora.controller.PedirHoraControllerTest" time="0.044"/>
  <testcase name="debeEliminarReserva" classname="com.example.ms_reserva_y_anular_hora.controller.PedirHoraControllerTest" time="0.03"/>
</testsuite>